# JRE version: OpenJDK Runtime Environment Temurin-19.0.2+7 (19.0.2+7) (build 19.0.2+7)
# Java VM: OpenJDK 64-Bit Server VM Temurin-19.0.2+7 (19.0.2+7, mixed mode, sharing, tiered, compressed oops, compressed class ptrs, g1 gc, windows-amd64)
GC Precious Log:
 CardTable entry size: 512
 Card Set container configuration: InlinePtr #cards 5 size 8 Array Of Cards #cards 12 size 40 Howl #buckets 4 coarsen threshold 1843 Howl Bitmap #cards 512 size 80 coarsen threshold 460 Card regions per heap region 1 cards per card region 2048
 CPUs: 2 total, 2 available
 Memory: 18366M
 Large Page Support: Disabled
 NUMA Support: Disabled
 Compressed Oops: Enabled (32-bit)
 Heap Region Size: 1M
 Heap Min Capacity: 8M
 Heap Initial Capacity: 288M
 Heap Max Capacity: 1G
 Pre-touch: Disabled
 Parallel Workers: 2
 Concurrent Workers: 1
 Concurrent Refinement Workers: 2
 Periodic GC: Disabled
 String Deduplication is enabled
Heap:
 garbage-first heap   total 87040K, used 36829K [0x00000000c0000000, 0x0000000100000000)
  region size 1024K, 3 young (3072K), 1 survivors (1024K)
 Metaspace       used 26237K, committed 27008K, reserved 1114112K
  class space    used 2506K, committed 2880K, reserved 1048576K
GC Heap History (20 events):
Event: 1795.349 GC heap before
{Heap before GC invocations=59 (full 0):
 garbage-first heap   total 87040K, used 75459K [0x00000000c0000000, 0x0000000100000000)
  region size 1024K, 40 young (40960K), 1 survivors (1024K)
 Metaspace       used 26169K, committed 27008K, reserved 1114112K
  class space    used 2499K, committed 2880K, reserved 1048576K
}
Event: 1795.352 GC heap after
{Heap after GC invocations=60 (full 0):
 garbage-first heap   total 87040K, used 35311K [0x00000000c0000000, 0x0000000100000000)
  region size 1024K, 1 young (1024K), 1 survivors (1024K)
 Metaspace       used 26169K, committed 27008K, reserved 1114112K
  class space    used 2499K, committed 2880K, reserved 1048576K
}
Event: 1808.992 GC heap before
{Heap before GC invocations=60 (full 0):
 garbage-first heap   total 87040K, used 75247K [0x00000000c0000000, 0x0000000100000000)
  region size 1024K, 40 young (40960K), 1 survivors (1024K)
 Metaspace       used 26169K, committed 27008K, reserved 1114112K
  class space    used 2499K, committed 2880K, reserved 1048576K
}
Event: 1808.995 GC heap after
{Heap after GC invocations=61 (full 0):
 garbage-first heap   total 87040K, used 35488K [0x00000000c0000000, 0x0000000100000000)
  region size 1024K, 1 young (1024K), 1 survivors (1024K)
 Metaspace       used 26169K, committed 27008K, reserved 1114112K
  class space    used 2499K, committed 2880K, reserved 1048576K
}
Event: 2192.707 GC heap before
{Heap before GC invocations=61 (full 0):
 garbage-first heap   total 87040K, used 74400K [0x00000000c0000000, 0x0000000100000000)
  region size 1024K, 40 young (40960K), 1 survivors (1024K)
 Metaspace       used 26170K, committed 27008K, reserved 1114112K
  class space    used 2499K, committed 2880K, reserved 1048576K
}
Event: 2192.713 GC heap after
{Heap after GC invocations=62 (full 0):
 garbage-first heap   total 87040K, used 35428K [0x00000000c0000000, 0x0000000100000000)
  region size 1024K, 1 young (1024K), 1 survivors (1024K)
 Metaspace       used 26170K, committed 27008K, reserved 1114112K
  class space    used 2499K, committed 2880K, reserved 1048576K
}
Event: 2197.084 GC heap before
{Heap before GC invocations=62 (full 0):
 garbage-first heap   total 87040K, used 75364K [0x00000000c0000000, 0x0000000100000000)
  region size 1024K, 40 young (40960K), 1 survivors (1024K)
 Metaspace       used 26170K, committed 27008K, reserved 1114112K
  class space    used 2499K, committed 2880K, reserved 1048576K
}
Event: 2197.092 GC heap after
{Heap after GC invocations=63 (full 0):
 garbage-first heap   total 87040K, used 37505K [0x00000000c0000000, 0x0000000100000000)
  region size 1024K, 3 young (3072K), 3 survivors (3072K)
 Metaspace       used 26170K, committed 27008K, reserved 1114112K
  class space    used 2499K, committed 2880K, reserved 1048576K
}
Event: 2517.399 GC heap before
{Heap before GC invocations=63 (full 0):
 garbage-first heap   total 87040K, used 73345K [0x00000000c0000000, 0x0000000100000000)
  region size 1024K, 38 young (38912K), 3 survivors (3072K)
 Metaspace       used 26170K, committed 27008K, reserved 1114112K
  class space    used 2499K, committed 2880K, reserved 1048576K
}
Event: 2517.401 GC heap after
{Heap after GC invocations=64 (full 0):
 garbage-first heap   total 87040K, used 35213K [0x00000000c0000000, 0x0000000100000000)
  region size 1024K, 1 young (1024K), 1 survivors (1024K)
 Metaspace       used 26170K, committed 27008K, reserved 1114112K
  class space    used 2499K, committed 2880K, reserved 1048576K
}
Event: 3978.004 GC heap before
{Heap before GC invocations=64 (full 0):
 garbage-first heap   total 87040K, used 73101K [0x00000000c0000000, 0x0000000100000000)
  region size 1024K, 38 young (38912K), 1 survivors (1024K)
 Metaspace       used 26176K, committed 27008K, reserved 1114112K
  class space    used 2499K, committed 2880K, reserved 1048576K
}
Event: 3978.008 GC heap after
{Heap after GC invocations=65 (full 0):
 garbage-first heap   total 87040K, used 35079K [0x00000000c0000000, 0x0000000100000000)
  region size 1024K, 1 young (1024K), 1 survivors (1024K)
 Metaspace       used 26176K, committed 27008K, reserved 1114112K
  class space    used 2499K, committed 2880K, reserved 1048576K
}
Event: 3986.650 GC heap before
{Heap before GC invocations=65 (full 0):
 garbage-first heap   total 87040K, used 73991K [0x00000000c0000000, 0x0000000100000000)
  region size 1024K, 39 young (39936K), 1 survivors (1024K)
 Metaspace       used 26176K, committed 27008K, reserved 1114112K
  class space    used 2499K, committed 2880K, reserved 1048576K
}
Event: 3986.653 GC heap after
{Heap after GC invocations=66 (full 0):
 garbage-first heap   total 87040K, used 35129K [0x00000000c0000000, 0x0000000100000000)
  region size 1024K, 1 young (1024K), 1 survivors (1024K)
 Metaspace       used 26176K, committed 27008K, reserved 1114112K
  class space    used 2499K, committed 2880K, reserved 1048576K
}
Event: 3997.149 GC heap before
{Heap before GC invocations=66 (full 0):
 garbage-first heap   total 87040K, used 74041K [0x00000000c0000000, 0x0000000100000000)
  region size 1024K, 39 young (39936K), 1 survivors (1024K)
 Metaspace       used 26176K, committed 27008K, reserved 1114112K
  class space    used 2499K, committed 2880K, reserved 1048576K
}
Event: 3997.152 GC heap after
{Heap after GC invocations=67 (full 0):
 garbage-first heap   total 87040K, used 35525K [0x00000000c0000000, 0x0000000100000000)
  region size 1024K, 1 young (1024K), 1 survivors (1024K)
 Metaspace       used 26176K, committed 27008K, reserved 1114112K
  class space    used 2499K, committed 2880K, reserved 1048576K
}
Event: 4010.101 GC heap before
{Heap before GC invocations=67 (full 0):
 garbage-first heap   total 87040K, used 74437K [0x00000000c0000000, 0x0000000100000000)
  region size 1024K, 39 young (39936K), 1 survivors (1024K)
 Metaspace       used 26176K, committed 27008K, reserved 1114112K
  class space    used 2499K, committed 2880K, reserved 1048576K
}
Event: 4010.103 GC heap after
{Heap after GC invocations=68 (full 0):
 garbage-first heap   total 87040K, used 35089K [0x00000000c0000000, 0x0000000100000000)
  region size 1024K, 1 young (1024K), 1 survivors (1024K)
 Metaspace       used 26176K, committed 27008K, reserved 1114112K
  class space    used 2499K, committed 2880K, reserved 1048576K
}
Event: 4773.961 GC heap before
{Heap before GC invocations=68 (full 0):
 garbage-first heap   total 87040K, used 75025K [0x00000000c0000000, 0x0000000100000000)
  region size 1024K, 40 young (40960K), 1 survivors (1024K)
 Metaspace       used 26187K, committed 27008K, reserved 1114112K
  class space    used 2499K, committed 2880K, reserved 1048576K
}
Event: 4773.964 GC heap after
{Heap after GC invocations=69 (full 0):
 garbage-first heap   total 87040K, used 34884K [0x00000000c0000000, 0x0000000100000000)
  region size 1024K, 1 young (1024K), 1 survivors (1024K)
 Metaspace       used 26187K, committed 27008K, reserved 1114112K
  class space    used 2499K, committed 2880K, reserved 1048576K
}

